<?xml version="1.0" encoding="UTF-8"?>
<testsuite xmlns:xsi="http://www.w3.org/2001/XMLSchema-instance" xsi:noNamespaceSchemaLocation="https://maven.apache.org/surefire/maven-surefire-plugin/xsd/surefire-test-report-3.0.xsd" version="3.0" name="StudentTest.AppTest" time="0.034" tests="12" errors="0" skipped="0" failures="0">
  <properties>
[...]
</properties>
  <testcase name="addStudent_WithGroupNumberTooHigh_ShouldFail" classname="StudentTest.AppTest" time="0.002">
    <system-out><![CDATA[Entitatea nu este valida: Grupa invalida! Grupa trebuie sa fie numar intreg intre 111 si 937.

]]></system-out>
  </testcase>
  <testcase name="addStudent_WithNonNumericId_ShouldFail" classname="StudentTest.AppTest" time="0.003">
    <system-out><![CDATA[Entitatea nu este valida: ID invalid! ID trebuie sa fie numar intreg!

]]></system-out>
  </testcase>
  <testcase name="addStudent_WithGroupNumberTooLow_ShouldFail" classname="StudentTest.AppTest" time="0.003">
    <system-out><![CDATA[Entitatea nu este valida: Grupa invalida! Grupa trebuie sa fie numar intreg intre 111 si 937.

]]></system-out>
  </testcase>
  <testcase name="addStudent_WithEmptyName_ShouldFail" classname="StudentTest.AppTest" time="0.002">
    <system-out><![CDATA[Entitatea nu este valida: Nume invalid! Nume nu poate fi nul sau vid!

]]></system-out>
  </testcase>
  <testcase name="addStudent_WithNegativeId_ShouldFail" classname="StudentTest.AppTest" time="0.003">
    <system-out><![CDATA[Entitatea nu este valida: ID invalid! ID trebuie sa fie numar intreg pozitiv!

]]></system-out>
  </testcase>
  <testcase name="testAddStudentIC1" classname="StudentTest.AppTest" time="0.001"/>
  <testcase name="testAddStudentIC2" classname="StudentTest.AppTest" time="0.001"/>
  <testcase name="addStudent_WithEmptyId_ShouldFail" classname="StudentTest.AppTest" time="0.001"/>
  <testcase name="addStudent_WithDuplicateId_ShouldFail" classname="StudentTest.AppTest" time="0.001"/>
  <testcase name="addStudent_WithNullId_ShouldFail" classname="StudentTest.AppTest" time="0.002"/>
  <testcase name="addStudent_WithValidData_ShouldAddSuccessfully" classname="StudentTest.AppTest" time="0.0"/>
  <testcase name="addStudent_WithNullName_ShouldFail" classname="StudentTest.AppTest" time="0.003">
    <system-out><![CDATA[Entitatea nu este valida: Nume invalid! Nume nu poate fi nul sau vid!

]]></system-out>
  </testcase>
</testsuite>